computerdatabase.advanced.AdvancedSimulationStep05	advancedsimulationstep05	RUN	1435766329174	 	2.0
Users	1571896674950008314-0	USER	START	1435766329193	0
Admins	1571896674950008314-10	USER	START	1435766329195	0
Users	1571896674950008314-0	REQUEST		Home	1435766329226	1435766329263	1435766329282	1435766329282	OK	 
Admins	1571896674950008314-10	REQUEST		Home	1435766329226	1435766329263	1435766329282	1435766329282	OK	 
Users	1571896674950008314-0	REQUEST		Home Redirect 1	1435766329290	1435766329291	1435766329312	1435766329312	OK	 
Admins	1571896674950008314-10	REQUEST		Home Redirect 1	1435766329290	1435766329290	1435766329320	1435766329320	OK	 
Users	1571896674950008314-1	USER	START	1435766330208	0
Users	1571896674950008314-1	REQUEST		Home	1435766330209	1435766330217	1435766330229	1435766330229	OK	 
Users	1571896674950008314-1	REQUEST		Home Redirect 1	1435766330230	1435766330231	1435766330248	1435766330248	OK	 
Users	1571896674950008314-0	REQUEST		Search	1435766330332	1435766330333	1435766330347	1435766330347	OK	 
Admins	1571896674950008314-10	REQUEST		Search	1435766330338	1435766330339	1435766330355	1435766330355	OK	 
Users	1571896674950008314-2	USER	START	1435766331210	0
Users	1571896674950008314-2	REQUEST		Home	1435766331211	1435766331220	1435766331239	1435766331239	OK	 
Users	1571896674950008314-2	REQUEST		Home Redirect 1	1435766331240	1435766331240	1435766331257	1435766331257	OK	 
Users	1571896674950008314-1	REQUEST		Search	1435766331269	1435766331269	1435766331287	1435766331287	OK	 
Admins	1571896674950008314-10	REQUEST		Select	1435766331359	1435766331359	1435766331387	1435766331387	OK	 
Users	1571896674950008314-0	REQUEST		Select	1435766331359	1435766331359	1435766331387	1435766331387	OK	 
Users	1571896674950008314-3	USER	START	1435766332207	0
Users	1571896674950008314-3	REQUEST		Home	1435766332208	1435766332217	1435766332234	1435766332234	OK	 
Users	1571896674950008314-3	REQUEST		Home Redirect 1	1435766332235	1435766332235	1435766332250	1435766332250	OK	 
Users	1571896674950008314-2	REQUEST		Search	1435766332278	1435766332279	1435766332305	1435766332305	OK	 
Users	1571896674950008314-1	REQUEST		Select	1435766332298	1435766332299	1435766332320	1435766332320	OK	 
Admins	1571896674950008314-10	REQUEST		Page 0	1435766332391	1435766332392	1435766332410	1435766332410	OK	 
Users	1571896674950008314-0	REQUEST		Page 0	1435766332391	1435766332391	1435766332420	1435766332420	OK	 
Users	1571896674950008314-4	USER	START	1435766333207	0
Users	1571896674950008314-4	REQUEST		Home	1435766333208	1435766333217	1435766333249	1435766333249	OK	 
Users	1571896674950008314-4	REQUEST		Home Redirect 1	1435766333250	1435766333250	1435766333270	1435766333270	OK	 
Users	1571896674950008314-3	REQUEST		Search	1435766333269	1435766333269	1435766333285	1435766333285	OK	 
Users	1571896674950008314-2	REQUEST		Select	1435766333298	1435766333298	1435766333327	1435766333327	OK	 
Users	1571896674950008314-1	REQUEST		Page 0	1435766333318	1435766333319	1435766333335	1435766333335	OK	 
Admins	1571896674950008314-10	REQUEST		Page 1	1435766333408	1435766333409	1435766333427	1435766333427	OK	 
Users	1571896674950008314-0	REQUEST		Page 1	1435766333418	1435766333419	1435766333442	1435766333442	OK	 
Admins	1571896674950008314-11	USER	START	1435766334208	0
Users	1571896674950008314-5	USER	START	1435766334208	0
Admins	1571896674950008314-11	REQUEST		Home	1435766334209	1435766334217	1435766334237	1435766334237	OK	 
Users	1571896674950008314-5	REQUEST		Home	1435766334209	1435766334220	1435766334239	1435766334239	OK	 
Users	1571896674950008314-5	REQUEST		Home Redirect 1	1435766334240	1435766334240	1435766334255	1435766334255	OK	 
Admins	1571896674950008314-11	REQUEST		Home Redirect 1	1435766334238	1435766334238	1435766334255	1435766334255	OK	 
Users	1571896674950008314-4	REQUEST		Search	1435766334289	1435766334289	1435766334310	1435766334310	OK	 
Users	1571896674950008314-3	REQUEST		Select	1435766334289	1435766334290	1435766334312	1435766334312	OK	 
Users	1571896674950008314-1	REQUEST		Page 1	1435766334328	1435766334329	1435766334355	1435766334355	OK	 
Users	1571896674950008314-2	REQUEST		Page 0	1435766334338	1435766334339	1435766334357	1435766334357	OK	 
Users	1571896674950008314-0	REQUEST		Page 2	1435766334438	1435766334439	1435766334455	1435766334455	OK	 
Admins	1571896674950008314-10	REQUEST		Page 2	1435766334438	1435766334439	1435766334465	1435766334465	OK	 
Users	1571896674950008314-6	USER	START	1435766335208	0
Users	1571896674950008314-6	REQUEST		Home	1435766335208	1435766335217	1435766335234	1435766335234	OK	 
Users	1571896674950008314-6	REQUEST		Home Redirect 1	1435766335235	1435766335235	1435766335252	1435766335252	OK	 
Users	1571896674950008314-5	REQUEST		Search	1435766335268	1435766335268	1435766335295	1435766335295	OK	 
Admins	1571896674950008314-11	REQUEST		Search	1435766335268	1435766335268	1435766335295	1435766335295	OK	 
Users	1571896674950008314-3	REQUEST		Page 0	1435766335309	1435766335310	1435766335332	1435766335332	OK	 
Users	1571896674950008314-4	REQUEST		Select	1435766335319	1435766335319	1435766335337	1435766335337	OK	 
Users	1571896674950008314-2	REQUEST		Page 1	1435766335359	1435766335359	1435766335375	1435766335375	OK	 
Users	1571896674950008314-1	REQUEST		Page 2	1435766335358	1435766335358	1435766335382	1435766335382	OK	 
Admins	1571896674950008314-10	REQUEST		Page 3	1435766335458	1435766335458	1435766335482	1435766335482	OK	 
Users	1571896674950008314-0	REQUEST		Page 3	1435766335458	1435766335458	1435766335487	1435766335487	OK	 
Users	1571896674950008314-7	USER	START	1435766336208	0
Users	1571896674950008314-7	REQUEST		Home	1435766336208	1435766336217	1435766336232	1435766336232	OK	 
Users	1571896674950008314-7	REQUEST		Home Redirect 1	1435766336232	1435766336233	1435766336247	1435766336247	OK	 
Users	1571896674950008314-6	REQUEST		Search	1435766336268	1435766336268	1435766336290	1435766336290	OK	 
Admins	1571896674950008314-11	REQUEST		Select	1435766336298	1435766336298	1435766336315	1435766336315	OK	 
Users	1571896674950008314-5	REQUEST		Select	1435766336298	1435766336299	1435766336317	1435766336317	OK	 
Users	1571896674950008314-4	REQUEST		Page 0	1435766336339	1435766336339	1435766336352	1435766336352	OK	 
Users	1571896674950008314-3	REQUEST		Page 1	1435766336339	1435766336340	1435766336355	1435766336355	OK	 
Users	1571896674950008314-2	REQUEST		Page 2	1435766336368	1435766336368	1435766336392	1435766336392	OK	 
Users	1571896674950008314-1	REQUEST		Page 3	1435766336378	1435766336378	1435766336400	1435766336400	OK	 
Users	1571896674950008314-0	USER	END	1435766329193	1435766336490
Admins	1571896674950008314-10	REQUEST		Form	1435766336489	1435766336490	1435766336505	1435766336505	OK	 
Users	1571896674950008314-8	USER	START	1435766337208	0
Users	1571896674950008314-8	REQUEST		Home	1435766337209	1435766337220	1435766337242	1435766337242	OK	 
Users	1571896674950008314-8	REQUEST		Home Redirect 1	1435766337242	1435766337243	1435766337265	1435766337265	OK	 
Users	1571896674950008314-7	REQUEST		Search	1435766337258	1435766337259	1435766337277	1435766337277	OK	 
Users	1571896674950008314-6	REQUEST		Select	1435766337299	1435766337299	1435766337317	1435766337317	OK	 
Admins	1571896674950008314-11	REQUEST		Page 0	1435766337318	1435766337318	1435766337345	1435766337345	OK	 
Users	1571896674950008314-5	REQUEST		Page 0	1435766337328	1435766337329	1435766337352	1435766337352	OK	 
Users	1571896674950008314-4	REQUEST		Page 1	1435766337349	1435766337349	1435766337370	1435766337370	OK	 
Users	1571896674950008314-3	REQUEST		Page 2	1435766337348	1435766337348	1435766337374	1435766337374	OK	 
Users	1571896674950008314-1	USER	END	1435766330208	1435766337408
Users	1571896674950008314-2	REQUEST		Page 3	1435766337399	1435766337399	1435766337417	1435766337417	OK	 
Admins	1571896674950008314-10	REQUEST		Post	1435766337499	1435766337500	1435766337554	1435766337554	OK	 
Admins	1571896674950008314-10	REQUEST		Post Redirect 1	1435766337565	1435766337565	1435766337597	1435766337597	KO	status.find.is(201), but actually found 200
Admins	1571896674950008314-10	REQUEST		Form	1435766337610	1435766337610	1435766337632	1435766337632	OK	 
Users	1571896674950008314-9	USER	START	1435766338207	0
Users	1571896674950008314-9	REQUEST		Home	1435766338208	1435766338220	1435766338234	1435766338234	OK	 
Users	1571896674950008314-9	REQUEST		Home Redirect 1	1435766338235	1435766338235	1435766338252	1435766338252	OK	 
Users	1571896674950008314-7	REQUEST		Select	1435766338288	1435766338288	1435766338305	1435766338305	OK	 
Users	1571896674950008314-8	REQUEST		Search	1435766338279	1435766338279	1435766338307	1435766338307	OK	 
Users	1571896674950008314-6	REQUEST		Page 0	1435766338318	1435766338318	1435766338335	1435766338335	OK	 
Admins	1571896674950008314-11	REQUEST		Page 1	1435766338348	1435766338349	1435766338367	1435766338367	OK	 
Users	1571896674950008314-5	REQUEST		Page 1	1435766338348	1435766338349	1435766338368	1435766338368	OK	 
Users	1571896674950008314-4	REQUEST		Page 2	1435766338369	1435766338369	1435766338400	1435766338400	OK	 
Users	1571896674950008314-3	REQUEST		Page 3	1435766338378	1435766338378	1435766338402	1435766338402	OK	 
Users	1571896674950008314-2	USER	END	1435766331210	1435766338419
Admins	1571896674950008314-10	REQUEST		Post	1435766338628	1435766338629	1435766338657	1435766338657	OK	 
Admins	1571896674950008314-10	REQUEST		Post Redirect 1	1435766338657	1435766338658	1435766338695	1435766338695	OK	 
Admins	1571896674950008314-10	USER	END	1435766329195	1435766338697
Users	1571896674950008314-9	REQUEST		Search	1435766339268	1435766339269	1435766339310	1435766339310	OK	 
Users	1571896674950008314-7	REQUEST		Page 0	1435766339299	1435766339299	1435766339315	1435766339315	OK	 
Users	1571896674950008314-8	REQUEST		Select	1435766339318	1435766339318	1435766339335	1435766339335	OK	 
Users	1571896674950008314-6	REQUEST		Page 1	1435766339328	1435766339328	1435766339345	1435766339345	OK	 
Admins	1571896674950008314-11	REQUEST		Page 2	1435766339358	1435766339359	1435766339377	1435766339377	OK	 
Users	1571896674950008314-5	REQUEST		Page 2	1435766339368	1435766339369	1435766339395	1435766339395	OK	 
Users	1571896674950008314-3	USER	END	1435766332207	1435766339409
Users	1571896674950008314-4	REQUEST		Page 3	1435766339399	1435766339399	1435766339425	1435766339425	OK	 
Users	1571896674950008314-9	REQUEST		Select	1435766340318	1435766340318	1435766340335	1435766340335	OK	 
Users	1571896674950008314-7	REQUEST		Page 1	1435766340318	1435766340318	1435766340342	1435766340342	OK	 
Users	1571896674950008314-8	REQUEST		Page 0	1435766340328	1435766340328	1435766340352	1435766340352	OK	 
Users	1571896674950008314-6	REQUEST		Page 2	1435766340348	1435766340348	1435766340365	1435766340365	OK	 
Admins	1571896674950008314-11	REQUEST		Page 3	1435766340388	1435766340389	1435766340405	1435766340405	OK	 
Users	1571896674950008314-5	REQUEST		Page 3	1435766340388	1435766340389	1435766340407	1435766340407	OK	 
Users	1571896674950008314-4	USER	END	1435766333207	1435766340428
Users	1571896674950008314-9	REQUEST		Page 0	1435766341329	1435766341329	1435766341347	1435766341347	OK	 
Users	1571896674950008314-7	REQUEST		Page 2	1435766341348	1435766341349	1435766341367	1435766341367	OK	 
Users	1571896674950008314-6	REQUEST		Page 3	1435766341368	1435766341368	1435766341390	1435766341390	OK	 
Users	1571896674950008314-8	REQUEST		Page 1	1435766341359	1435766341359	1435766341405	1435766341405	OK	 
Users	1571896674950008314-5	USER	END	1435766334208	1435766341408
Admins	1571896674950008314-11	REQUEST		Form	1435766341398	1435766341398	1435766341425	1435766341425	OK	 
Users	1571896674950008314-9	REQUEST		Page 1	1435766342349	1435766342349	1435766342372	1435766342372	OK	 
Users	1571896674950008314-7	REQUEST		Page 3	1435766342369	1435766342369	1435766342385	1435766342385	OK	 
Users	1571896674950008314-6	USER	END	1435766335208	1435766342388
Users	1571896674950008314-8	REQUEST		Page 2	1435766342398	1435766342398	1435766342425	1435766342425	OK	 
Admins	1571896674950008314-11	REQUEST		Post	1435766342428	1435766342428	1435766342472	1435766342472	OK	 
Admins	1571896674950008314-11	REQUEST		Post Redirect 1	1435766342473	1435766342473	1435766342497	1435766342497	KO	status.find.is(201), but actually found 200
Admins	1571896674950008314-11	REQUEST		Form	1435766342499	1435766342499	1435766342517	1435766342517	OK	 
Users	1571896674950008314-7	USER	END	1435766336208	1435766343378
Users	1571896674950008314-9	REQUEST		Page 2	1435766343378	1435766343379	1435766343404	1435766343404	OK	 
Users	1571896674950008314-8	REQUEST		Page 3	1435766343428	1435766343428	1435766343472	1435766343472	OK	 
Admins	1571896674950008314-11	REQUEST		Post	1435766343518	1435766343519	1435766343544	1435766343544	OK	 
Admins	1571896674950008314-11	REQUEST		Post Redirect 1	1435766343545	1435766343545	1435766343565	1435766343565	KO	status.find.is(201), but actually found 200
Admins	1571896674950008314-11	USER	END	1435766334208	1435766343567
Users	1571896674950008314-9	REQUEST		Page 3	1435766344398	1435766344398	1435766344425	1435766344425	OK	 
Users	1571896674950008314-8	USER	END	1435766337208	1435766344478
Users	1571896674950008314-9	USER	END	1435766338207	1435766345428
